0 verbose cli /usr/bin/node /usr/bin/npm
1 info using npm@10.8.2
2 info using node@v20.20.2
3 silly config load:file:/usr/lib/node_modules/npm/npmrc
4 silly config load:file:/home/ubuntu/pipeline/.npmrc
5 silly config load:file:/home/ubuntu/.npmrc
6 silly config load:file:/usr/etc/npmrc
7 verbose title npm i
8 verbose argv "i"
9 verbose logfile logs-max:10 dir:/home/ubuntu/.npm/_logs/2026-05-27T05_41_05_824Z-
10 verbose logfile /home/ubuntu/.npm/_logs/2026-05-27T05_41_05_824Z-debug-0.log
11 silly packumentCache heap:489160704 maxSize:122290176 maxEntrySize:61145088
12 silly logfile done cleaning log files
13 silly idealTree buildDeps
14 silly reify moves {}
15 silly audit bulk request {
15 silly audit   'adler-32': [ '1.3.1' ],
15 silly audit   'adm-zip': [ '0.5.17' ],
15 silly audit   anymatch: [ '3.1.3' ],
15 silly audit   'binary-extensions': [ '2.3.0' ],
15 silly audit   braces: [ '3.0.3' ],
15 silly audit   cfb: [ '1.2.2' ],
15 silly audit   chokidar: [ '3.6.0' ],
15 silly audit   codepage: [ '1.15.0' ],
15 silly audit   'crc-32': [ '1.2.2' ],
15 silly audit   'csv-parser': [ '3.2.1' ],
15 silly audit   'fill-range': [ '7.1.1' ],
15 silly audit   frac: [ '1.1.2' ],
15 silly audit   fsevents: [ '2.3.3' ],
15 silly audit   'glob-parent': [ '5.1.2' ],
15 silly audit   'is-binary-path': [ '2.1.0' ],
15 silly audit   'is-extglob': [ '2.1.1' ],
15 silly audit   'is-glob': [ '4.0.3' ],
15 silly audit   'is-number': [ '7.0.0' ],
15 silly audit   'normalize-path': [ '3.0.0' ],
15 silly audit   pg: [ '8.21.0' ],
15 silly audit   'pg-cloudflare': [ '1.4.0' ],
15 silly audit   'pg-connection-string': [ '2.13.0' ],
15 silly audit   'pg-int8': [ '1.0.1' ],
15 silly audit   'pg-pool': [ '3.14.0' ],
15 silly audit   'pg-protocol': [ '1.14.0' ],
15 silly audit   'pg-types': [ '2.2.0' ],
15 silly audit   pgpass: [ '1.0.5' ],
15 silly audit   picomatch: [ '2.3.2' ],
15 silly audit   'postgres-array': [ '2.0.0' ],
15 silly audit   'postgres-bytea': [ '1.0.1' ],
15 silly audit   'postgres-date': [ '1.0.7' ],
15 silly audit   'postgres-interval': [ '1.2.0' ],
15 silly audit   readdirp: [ '3.6.0' ],
15 silly audit   split2: [ '4.2.0' ],
15 silly audit   ssf: [ '0.11.2' ],
15 silly audit   'to-regex-range': [ '5.0.1' ],
15 silly audit   wmf: [ '1.0.2' ],
15 silly audit   word: [ '0.3.0' ],
15 silly audit   xlsx: [ '0.18.5' ],
15 silly audit   xtend: [ '4.0.2' ]
15 silly audit }
16 verbose reify failed optional dependency /home/ubuntu/pipeline/node_modules/fsevents
17 silly reify mark deleted [ '/home/ubuntu/pipeline/node_modules/fsevents' ]
18 http fetch POST 200 https://registry.npmjs.org/-/npm/v1/security/advisories/bulk 195ms
19 silly audit report {
19 silly audit report   xlsx: [
19 silly audit report     {
19 silly audit report       id: 1108110,
19 silly audit report       url: 'https://github.com/advisories/GHSA-4r6h-8v6p-xvw6',
19 silly audit report       title: 'Prototype Pollution in sheetJS',
19 silly audit report       severity: 'high',
19 silly audit report       vulnerable_versions: '<0.19.3',
19 silly audit report       cwe: [Array],
19 silly audit report       cvss: [Object]
19 silly audit report     },
19 silly audit report     {
19 silly audit report       id: 1108111,
19 silly audit report       url: 'https://github.com/advisories/GHSA-5pgg-2g8v-p4x9',
19 silly audit report       title: 'SheetJS Regular Expression Denial of Service (ReDoS)',
19 silly audit report       severity: 'high',
19 silly audit report       vulnerable_versions: '<0.20.2',
19 silly audit report       cwe: [Array],
19 silly audit report       cvss: [Object]
19 silly audit report     }
19 silly audit report   ]
19 silly audit report }
20 silly packumentCache corgi:https://registry.npmjs.org/xlsx cache-miss
21 http fetch GET 200 https://registry.npmjs.org/xlsx 12ms (cache hit)
22 silly packumentCache corgi:https://registry.npmjs.org/xlsx set size:134408 disposed:false
23 silly ADD
24 verbose cwd /home/ubuntu/pipeline
25 verbose os Linux 7.0.0-1004-aws
26 verbose node v20.20.2
27 verbose npm  v10.8.2
28 verbose exit 0
29 info ok
