0 verbose cli /usr/bin/node /usr/bin/npm
1 info using npm@10.8.2
2 info using node@v20.20.2
3 silly config load:file:/usr/lib/node_modules/npm/npmrc
4 silly config load:file:/home/ubuntu/connector/.npmrc
5 silly config load:file:/home/ubuntu/.npmrc
6 silly config load:file:/usr/etc/npmrc
7 verbose title npm install csv-parser pg
8 verbose argv "install" "csv-parser" "pg"
9 verbose logfile logs-max:10 dir:/home/ubuntu/.npm/_logs/2026-05-27T05_18_14_289Z-
10 verbose logfile /home/ubuntu/.npm/_logs/2026-05-27T05_18_14_289Z-debug-0.log
11 silly packumentCache heap:489160704 maxSize:122290176 maxEntrySize:61145088
12 silly logfile done cleaning log files
13 silly idealTree buildDeps
14 silly fetch manifest csv-parser@*
15 silly packumentCache full:https://registry.npmjs.org/csv-parser cache-miss
16 http fetch GET 200 https://registry.npmjs.org/csv-parser 136ms (cache miss)
17 silly packumentCache full:https://registry.npmjs.org/csv-parser set size:undefined disposed:false
18 silly fetch manifest pg@*
19 silly packumentCache full:https://registry.npmjs.org/pg cache-miss
20 http fetch GET 200 https://registry.npmjs.org/pg 35ms (cache miss)
21 silly packumentCache full:https://registry.npmjs.org/pg set size:undefined disposed:false
22 silly fetch manifest pg-native@>=3.0.1
23 silly packumentCache full:https://registry.npmjs.org/pg-native cache-miss
24 http fetch GET 200 https://registry.npmjs.org/pg-native 26ms (cache miss)
25 silly packumentCache full:https://registry.npmjs.org/pg-native set size:undefined disposed:false
26 silly placeDep ROOT csv-parser@3.2.1 OK for: connector@1.0.0 want: *
27 silly placeDep ROOT pg@8.21.0 OK for: connector@1.0.0 want: *
28 silly fetch manifest pg-connection-string@^2.13.0
29 silly packumentCache full:https://registry.npmjs.org/pg-connection-string cache-miss
30 http fetch GET 200 https://registry.npmjs.org/pg-connection-string 23ms (cache miss)
31 silly packumentCache full:https://registry.npmjs.org/pg-connection-string set size:undefined disposed:false
32 silly fetch manifest pg-pool@^3.14.0
33 silly packumentCache full:https://registry.npmjs.org/pg-pool cache-miss
34 http fetch GET 200 https://registry.npmjs.org/pg-pool 22ms (cache miss)
35 silly packumentCache full:https://registry.npmjs.org/pg-pool set size:undefined disposed:false
36 silly fetch manifest pg-protocol@^1.14.0
37 silly packumentCache full:https://registry.npmjs.org/pg-protocol cache-miss
38 http fetch GET 200 https://registry.npmjs.org/pg-protocol 19ms (cache miss)
39 silly packumentCache full:https://registry.npmjs.org/pg-protocol set size:undefined disposed:false
40 silly fetch manifest pg-types@2.2.0
41 silly packumentCache full:https://registry.npmjs.org/pg-types cache-miss
42 http fetch GET 200 https://registry.npmjs.org/pg-types 23ms (cache miss)
43 silly packumentCache full:https://registry.npmjs.org/pg-types set size:undefined disposed:false
44 silly fetch manifest pgpass@1.0.5
45 silly packumentCache full:https://registry.npmjs.org/pgpass cache-miss
46 http fetch GET 200 https://registry.npmjs.org/pgpass 18ms (cache miss)
47 silly packumentCache full:https://registry.npmjs.org/pgpass set size:undefined disposed:false
48 silly fetch manifest pg-cloudflare@^1.4.0
49 silly packumentCache full:https://registry.npmjs.org/pg-cloudflare cache-miss
50 http fetch GET 200 https://registry.npmjs.org/pg-cloudflare 19ms (cache miss)
51 silly packumentCache full:https://registry.npmjs.org/pg-cloudflare set size:undefined disposed:false
52 silly fetch manifest pg@>=8.0
53 silly packumentCache full:https://registry.npmjs.org/pg cache-miss
54 http fetch GET 200 https://registry.npmjs.org/pg 7ms (cache hit)
55 silly packumentCache full:https://registry.npmjs.org/pg set size:477609 disposed:false
56 silly placeDep ROOT pg-cloudflare@1.4.0 OK for: pg@8.21.0 want: ^1.4.0
57 silly placeDep ROOT pg-connection-string@2.13.0 OK for: pg@8.21.0 want: ^2.13.0
58 silly placeDep ROOT pg-pool@3.14.0 OK for: pg@8.21.0 want: ^3.14.0
59 silly placeDep ROOT pg-protocol@1.14.0 OK for: pg@8.21.0 want: ^1.14.0
60 silly placeDep ROOT pg-types@2.2.0 OK for: pg@8.21.0 want: 2.2.0
61 silly placeDep ROOT pgpass@1.0.5 OK for: pg@8.21.0 want: 1.0.5
62 silly fetch manifest pg-int8@1.0.1
63 silly packumentCache full:https://registry.npmjs.org/pg-int8 cache-miss
64 http fetch GET 200 https://registry.npmjs.org/pg-int8 19ms (cache miss)
65 silly packumentCache full:https://registry.npmjs.org/pg-int8 set size:undefined disposed:false
66 silly fetch manifest postgres-date@~1.0.4
67 silly packumentCache full:https://registry.npmjs.org/postgres-date cache-miss
68 http fetch GET 200 https://registry.npmjs.org/postgres-date 24ms (cache miss)
69 silly packumentCache full:https://registry.npmjs.org/postgres-date set size:undefined disposed:false
70 silly fetch manifest postgres-array@~2.0.0
71 silly packumentCache full:https://registry.npmjs.org/postgres-array cache-miss
72 http fetch GET 200 https://registry.npmjs.org/postgres-array 20ms (cache miss)
73 silly packumentCache full:https://registry.npmjs.org/postgres-array set size:undefined disposed:false
74 silly fetch manifest postgres-bytea@~1.0.0
75 silly packumentCache full:https://registry.npmjs.org/postgres-bytea cache-miss
76 http fetch GET 200 https://registry.npmjs.org/postgres-bytea 22ms (cache miss)
77 silly packumentCache full:https://registry.npmjs.org/postgres-bytea set size:undefined disposed:false
78 silly fetch manifest postgres-interval@^1.1.0
79 silly packumentCache full:https://registry.npmjs.org/postgres-interval cache-miss
80 http fetch GET 200 https://registry.npmjs.org/postgres-interval 19ms (cache miss)
81 silly packumentCache full:https://registry.npmjs.org/postgres-interval set size:undefined disposed:false
82 silly fetch manifest split2@^4.1.0
83 silly packumentCache full:https://registry.npmjs.org/split2 cache-miss
84 http fetch GET 200 https://registry.npmjs.org/split2 20ms (cache miss)
85 silly packumentCache full:https://registry.npmjs.org/split2 set size:undefined disposed:false
86 silly placeDep ROOT pg-int8@1.0.1 OK for: pg-types@2.2.0 want: 1.0.1
87 silly placeDep ROOT postgres-array@2.0.0 OK for: pg-types@2.2.0 want: ~2.0.0
88 silly placeDep ROOT postgres-bytea@1.0.1 OK for: pg-types@2.2.0 want: ~1.0.0
89 silly placeDep ROOT postgres-date@1.0.7 OK for: pg-types@2.2.0 want: ~1.0.4
90 silly placeDep ROOT postgres-interval@1.2.0 OK for: pg-types@2.2.0 want: ^1.1.0
91 silly fetch manifest xtend@^4.0.0
92 silly packumentCache full:https://registry.npmjs.org/xtend cache-miss
93 http fetch GET 200 https://registry.npmjs.org/xtend 45ms (cache miss)
94 silly packumentCache full:https://registry.npmjs.org/xtend set size:undefined disposed:false
95 silly placeDep ROOT split2@4.2.0 OK for: pgpass@1.0.5 want: ^4.1.0
96 silly placeDep ROOT xtend@4.0.2 OK for: postgres-interval@1.2.0 want: ^4.0.0
97 silly reify moves {}
98 silly audit bulk request {
98 silly audit   'csv-parser': [ '3.2.1' ],
98 silly audit   pg: [ '8.21.0' ],
98 silly audit   'pg-cloudflare': [ '1.4.0' ],
98 silly audit   'pg-connection-string': [ '2.13.0' ],
98 silly audit   'pg-pool': [ '3.14.0' ],
98 silly audit   'pg-protocol': [ '1.14.0' ],
98 silly audit   'pg-types': [ '2.2.0' ],
98 silly audit   pgpass: [ '1.0.5' ],
98 silly audit   'pg-int8': [ '1.0.1' ],
98 silly audit   'postgres-array': [ '2.0.0' ],
98 silly audit   'postgres-bytea': [ '1.0.1' ],
98 silly audit   'postgres-date': [ '1.0.7' ],
98 silly audit   'postgres-interval': [ '1.2.0' ],
98 silly audit   split2: [ '4.2.0' ],
98 silly audit   xtend: [ '4.0.2' ]
98 silly audit }
99 silly tarball no local data for xtend@https://registry.npmjs.org/xtend/-/xtend-4.0.2.tgz. Extracting by manifest.
100 silly tarball no local data for split2@https://registry.npmjs.org/split2/-/split2-4.2.0.tgz. Extracting by manifest.
101 silly tarball no local data for postgres-interval@https://registry.npmjs.org/postgres-interval/-/postgres-interval-1.2.0.tgz. Extracting by manifest.
102 silly tarball no local data for postgres-date@https://registry.npmjs.org/postgres-date/-/postgres-date-1.0.7.tgz. Extracting by manifest.
103 silly tarball no local data for postgres-bytea@https://registry.npmjs.org/postgres-bytea/-/postgres-bytea-1.0.1.tgz. Extracting by manifest.
104 silly tarball no local data for postgres-array@https://registry.npmjs.org/postgres-array/-/postgres-array-2.0.0.tgz. Extracting by manifest.
105 silly tarball no local data for pg-int8@https://registry.npmjs.org/pg-int8/-/pg-int8-1.0.1.tgz. Extracting by manifest.
106 silly tarball no local data for pgpass@https://registry.npmjs.org/pgpass/-/pgpass-1.0.5.tgz. Extracting by manifest.
107 silly tarball no local data for pg-types@https://registry.npmjs.org/pg-types/-/pg-types-2.2.0.tgz. Extracting by manifest.
108 silly tarball no local data for pg-protocol@https://registry.npmjs.org/pg-protocol/-/pg-protocol-1.14.0.tgz. Extracting by manifest.
109 silly tarball no local data for pg-pool@https://registry.npmjs.org/pg-pool/-/pg-pool-3.14.0.tgz. Extracting by manifest.
110 silly tarball no local data for pg-connection-string@https://registry.npmjs.org/pg-connection-string/-/pg-connection-string-2.13.0.tgz. Extracting by manifest.
111 silly tarball no local data for pg-cloudflare@https://registry.npmjs.org/pg-cloudflare/-/pg-cloudflare-1.4.0.tgz. Extracting by manifest.
112 silly tarball no local data for csv-parser@https://registry.npmjs.org/csv-parser/-/csv-parser-3.2.1.tgz. Extracting by manifest.
113 silly tarball no local data for pg@https://registry.npmjs.org/pg/-/pg-8.21.0.tgz. Extracting by manifest.
114 http fetch POST 200 https://registry.npmjs.org/-/npm/v1/security/advisories/bulk 155ms
115 silly audit report {}
116 http fetch GET 200 https://registry.npmjs.org/postgres-date/-/postgres-date-1.0.7.tgz 217ms (cache miss)
117 http fetch GET 200 https://registry.npmjs.org/pg-int8/-/pg-int8-1.0.1.tgz 214ms (cache miss)
118 http fetch GET 200 https://registry.npmjs.org/postgres-bytea/-/postgres-bytea-1.0.1.tgz 218ms (cache miss)
119 http fetch GET 200 https://registry.npmjs.org/postgres-interval/-/postgres-interval-1.2.0.tgz 222ms (cache miss)
120 http fetch GET 200 https://registry.npmjs.org/postgres-array/-/postgres-array-2.0.0.tgz 220ms (cache miss)
121 http fetch GET 200 https://registry.npmjs.org/pgpass/-/pgpass-1.0.5.tgz 218ms (cache miss)
122 http fetch GET 200 https://registry.npmjs.org/xtend/-/xtend-4.0.2.tgz 226ms (cache miss)
123 http fetch GET 200 https://registry.npmjs.org/split2/-/split2-4.2.0.tgz 226ms (cache miss)
124 http fetch GET 200 https://registry.npmjs.org/pg-connection-string/-/pg-connection-string-2.13.0.tgz 218ms (cache miss)
125 http fetch GET 200 https://registry.npmjs.org/pg-pool/-/pg-pool-3.14.0.tgz 222ms (cache miss)
126 http fetch GET 200 https://registry.npmjs.org/pg-cloudflare/-/pg-cloudflare-1.4.0.tgz 223ms (cache miss)
127 http fetch GET 200 https://registry.npmjs.org/csv-parser/-/csv-parser-3.2.1.tgz 224ms (cache miss)
128 http fetch GET 200 https://registry.npmjs.org/pg-types/-/pg-types-2.2.0.tgz 231ms (cache miss)
129 http fetch GET 200 https://registry.npmjs.org/pg/-/pg-8.21.0.tgz 239ms (cache miss)
130 http fetch GET 200 https://registry.npmjs.org/pg-protocol/-/pg-protocol-1.14.0.tgz 253ms (cache miss)
131 silly ADD node_modules/xtend
132 silly ADD node_modules/split2
133 silly ADD node_modules/postgres-interval
134 silly ADD node_modules/postgres-date
135 silly ADD node_modules/postgres-bytea
136 silly ADD node_modules/postgres-array
137 silly ADD node_modules/pg-int8
138 silly ADD node_modules/pgpass
139 silly ADD node_modules/pg-types
140 silly ADD node_modules/pg-protocol
141 silly ADD node_modules/pg-pool
142 silly ADD node_modules/pg-connection-string
143 silly ADD node_modules/pg-cloudflare
144 silly ADD node_modules/pg
145 silly ADD node_modules/csv-parser
146 verbose cwd /home/ubuntu/connector
147 verbose os Linux 7.0.0-1004-aws
148 verbose node v20.20.2
149 verbose npm  v10.8.2
150 verbose exit 0
151 info ok
